0 info it worked if it ends with ok
1 verbose cli [ 'node',
1 verbose cli   '/usr/local/bin/npm',
1 verbose cli   'install',
1 verbose cli   'grunt-sassWatch',
1 verbose cli   '--save-dev' ]
2 info using npm@2.9.1
3 info using node@v0.12.0
4 verbose node symlink /usr/local/bin/node
5 verbose install initial load of /Users/erikamoller/Documents/Assignments/erikadmoller.github.io/package.json
6 warn package.json erikadmoller.github.io@1.0.0 No README data
7 verbose installManyTop reading scoped package data from /Users/erikamoller/Documents/Assignments/erikadmoller.github.io/node_modules/grunt/package.json
8 verbose installManyTop reading scoped package data from /Users/erikamoller/Documents/Assignments/erikadmoller.github.io/node_modules/grunt-autoprefixer/package.json
9 verbose installManyTop reading scoped package data from /Users/erikamoller/Documents/Assignments/erikadmoller.github.io/node_modules/grunt-contrib-sass/package.json
10 verbose installManyTop reading scoped package data from /Users/erikamoller/Documents/Assignments/erikadmoller.github.io/node_modules/grunt-contrib-watch/package.json
11 verbose installManyTop reading scoped package data from /Users/erikamoller/Documents/Assignments/erikadmoller.github.io/node_modules/grunt-serve/package.json
12 verbose installManyTop reading scoped package data from /Users/erikamoller/Documents/Assignments/erikadmoller.github.io/node_modules/load-grunt-tasks/package.json
13 verbose readDependencies loading dependencies from /Users/erikamoller/Documents/Assignments/erikadmoller.github.io/package.json
14 silly cache add args [ 'grunt-sassWatch', null ]
15 verbose cache add spec grunt-sassWatch
16 silly cache add parsed spec { raw: 'grunt-sassWatch',
16 silly cache add   scope: null,
16 silly cache add   name: 'grunt-sassWatch',
16 silly cache add   rawSpec: '',
16 silly cache add   spec: '*',
16 silly cache add   type: 'range' }
17 silly addNamed grunt-sassWatch@*
18 verbose addNamed "*" is a valid semver range for grunt-sassWatch
19 silly addNameRange { name: 'grunt-sassWatch', range: '*', hasData: false }
20 silly mapToRegistry name grunt-sassWatch
21 silly mapToRegistry using default registry
22 silly mapToRegistry registry https://registry.npmjs.org/
23 silly mapToRegistry uri https://registry.npmjs.org/grunt-sassWatch
24 verbose addNameRange registry:https://registry.npmjs.org/grunt-sassWatch not in flight; fetching
25 verbose request uri https://registry.npmjs.org/grunt-sassWatch
26 verbose request no auth needed
27 info attempt registry request try #1 at 16:47:41
28 verbose request id 4d5a6ab18747ed43
29 http request GET https://registry.npmjs.org/grunt-sassWatch
30 http 404 https://registry.npmjs.org/grunt-sassWatch
31 verbose headers { server: 'CouchDB/1.5.0 (Erlang OTP/R16B03)',
31 verbose headers   'content-type': 'application/json',
31 verbose headers   'cache-control': 'max-age=0',
31 verbose headers   'content-length': '51',
31 verbose headers   'accept-ranges': 'bytes',
31 verbose headers   date: 'Mon, 11 May 2015 21:47:41 GMT',
31 verbose headers   via: '1.1 varnish',
31 verbose headers   age: '0',
31 verbose headers   connection: 'keep-alive',
31 verbose headers   'x-served-by': 'cache-sjc3123-SJC',
31 verbose headers   'x-cache': 'MISS',
31 verbose headers   'x-cache-hits': '0',
31 verbose headers   'x-timer': 'S1431380861.595590,VS0,VE91' }
32 silly get cb [ 404,
32 silly get   { server: 'CouchDB/1.5.0 (Erlang OTP/R16B03)',
32 silly get     'content-type': 'application/json',
32 silly get     'cache-control': 'max-age=0',
32 silly get     'content-length': '51',
32 silly get     'accept-ranges': 'bytes',
32 silly get     date: 'Mon, 11 May 2015 21:47:41 GMT',
32 silly get     via: '1.1 varnish',
32 silly get     age: '0',
32 silly get     connection: 'keep-alive',
32 silly get     'x-served-by': 'cache-sjc3123-SJC',
32 silly get     'x-cache': 'MISS',
32 silly get     'x-cache-hits': '0',
32 silly get     'x-timer': 'S1431380861.595590,VS0,VE91' } ]
33 verbose stack Error: 404 Not Found: grunt-sassWatch
33 verbose stack     at CachingRegistryClient.<anonymous> (/usr/local/lib/node_modules/npm/node_modules/npm-registry-client/lib/request.js:245:14)
33 verbose stack     at Request._callback (/usr/local/lib/node_modules/npm/node_modules/npm-registry-client/lib/request.js:170:14)
33 verbose stack     at Request.self.callback (/usr/local/lib/node_modules/npm/node_modules/request/request.js:368:22)
33 verbose stack     at Request.emit (events.js:110:17)
33 verbose stack     at Request.<anonymous> (/usr/local/lib/node_modules/npm/node_modules/request/request.js:1219:14)
33 verbose stack     at Request.emit (events.js:129:20)
33 verbose stack     at IncomingMessage.<anonymous> (/usr/local/lib/node_modules/npm/node_modules/request/request.js:1167:12)
33 verbose stack     at IncomingMessage.emit (events.js:129:20)
33 verbose stack     at _stream_readable.js:908:16
33 verbose stack     at process._tickCallback (node.js:355:11)
34 verbose statusCode 404
35 verbose pkgid grunt-sassWatch
36 verbose cwd /Users/erikamoller/Documents/Assignments/erikadmoller.github.io
37 error Darwin 14.3.0
38 error argv "node" "/usr/local/bin/npm" "install" "grunt-sassWatch" "--save-dev"
39 error node v0.12.0
40 error npm  v2.9.1
41 error code E404
42 error 404 Not Found: grunt-sassWatch
42 error 404
42 error 404 'grunt-sassWatch' is not in the npm registry.
42 error 404 You should bug the author to publish it (or use the name yourself!)
42 error 404 It was specified as a dependency of 'erikadmoller.github.io'
42 error 404
42 error 404 Note that you can also install from a
42 error 404 tarball, folder, http url, or git url.
43 verbose exit [ 1, true ]
